# JRE version: 7.0_09-b05
# Java VM: Java HotSpot(TM) 64-Bit Server VM (23.5-b02 mixed mode windows-amd64 compressed oops)
Heap
 PSYoungGen      total 173888K, used 173888K [0x00000000e0c00000, 0x00000000f7000000, 0x0000000100000000)
  eden space 57024K, 100% used [0x00000000e0c00000,0x00000000e43b0000,0x00000000e43b0000)
  from space 116864K, 100% used [0x00000000ecbf0000,0x00000000f3e10000,0x00000000f3e10000)
  to   space 139520K, 0% used [0x00000000e43b0000,0x00000000e4460000,0x00000000ecbf0000)
 ParOldGen       total 517760K, used 331457K [0x00000000a2400000, 0x00000000c1da0000, 0x00000000e0c00000)
  object space 517760K, 64% used [0x00000000a2400000,0x00000000b67b0748,0x00000000c1da0000)
 PSPermGen       total 21248K, used 5848K [0x000000009d200000, 0x000000009e6c0000, 0x00000000a2400000)
  object space 21248K, 27% used [0x000000009d200000,0x000000009d7b6200,0x000000009e6c0000)
GC Heap History (10 events):
Event: 39.052 GC heap after
Heap after GC invocations=14 (full 6):
 PSYoungGen      total 119680K, used 70807K [0x00000000e0c00000, 0x00000000ec4b0000, 0x0000000100000000)
  eden space 68032K, 99% used [0x00000000e0c00000,0x00000000e4e6fff0,0x00000000e4e70000)
  from space 51648K, 5% used [0x00000000e8fa0000,0x00000000e9255f60,0x00000000ec210000)
  to   space 60544K, 0% used [0x00000000e4e70000,0x00000000e4e70000,0x00000000e8990000)
 ParOldGen       total 224576K, used 224573K [0x00000000a2400000, 0x00000000aff50000, 0x00000000e0c00000)
  object space 224576K, 99% used [0x00000000a2400000,0x00000000aff4f570,0x00000000aff50000)
 PSPermGen       total 21248K, used 5848K [0x000000009d200000, 0x000000009e6c0000, 0x00000000a2400000)
  object space 21248K, 27% used [0x000000009d200000,0x000000009d7b6200,0x000000009e6c0000)
}
Event: 39.053 GC heap before
{Heap before GC invocations=15 (full 7):
 PSYoungGen      total 119680K, used 70807K [0x00000000e0c00000, 0x00000000ec4b0000, 0x0000000100000000)
  eden space 68032K, 99% used [0x00000000e0c00000,0x00000000e4e6fff0,0x00000000e4e70000)
  from space 51648K, 5% used [0x00000000e8fa0000,0x00000000e9255f60,0x00000000ec210000)
  to   space 60544K, 0% used [0x00000000e4e70000,0x00000000e4e70000,0x00000000e8990000)
 ParOldGen       total 224576K, used 224574K [0x00000000a2400000, 0x00000000aff50000, 0x00000000e0c00000)
  object space 224576K, 99% used [0x00000000a2400000,0x00000000aff4fb70,0x00000000aff50000)
 PSPermGen       total 21248K, used 5848K [0x000000009d200000, 0x000000009e6c0000, 0x00000000a2400000)
  object space 21248K, 27% used [0x000000009d200000,0x000000009d7b6200,0x000000009e6c0000)
Event: 43.515 GC heap after
Heap after GC invocations=15 (full 7):
 PSYoungGen      total 119680K, used 70807K [0x00000000e0c00000, 0x00000000ec4b0000, 0x0000000100000000)
  eden space 68032K, 99% used [0x00000000e0c00000,0x00000000e4e6fff0,0x00000000e4e70000)
  from space 51648K, 5% used [0x00000000e8fa0000,0x00000000e9255f60,0x00000000ec210000)
  to   space 60544K, 0% used [0x00000000e4e70000,0x00000000e4e70000,0x00000000e8990000)
 ParOldGen       total 224576K, used 224574K [0x00000000a2400000, 0x00000000aff50000, 0x00000000e0c00000)
  object space 224576K, 99% used [0x00000000a2400000,0x00000000aff4fb70,0x00000000aff50000)
 PSPermGen       total 21248K, used 5848K [0x000000009d200000, 0x000000009e6c0000, 0x00000000a2400000)
  object space 21248K, 27% used [0x000000009d200000,0x000000009d7b6200,0x000000009e6c0000)
}
Event: 43.515 GC heap before
{Heap before GC invocations=16 (full 8):
 PSYoungGen      total 119680K, used 70807K [0x00000000e0c00000, 0x00000000ec4b0000, 0x0000000100000000)
  eden space 68032K, 99% used [0x00000000e0c00000,0x00000000e4e6fff0,0x00000000e4e70000)
  from space 51648K, 5% used [0x00000000e8fa0000,0x00000000e9255f60,0x00000000ec210000)
  to   space 60544K, 0% used [0x00000000e4e70000,0x00000000e4e70000,0x00000000e8990000)
 ParOldGen       total 224768K, used 224576K [0x00000000a2400000, 0x00000000aff80000, 0x00000000e0c00000)
  object space 224768K, 99% used [0x00000000a2400000,0x00000000aff50170,0x00000000aff80000)
 PSPermGen       total 21248K, used 5848K [0x000000009d200000, 0x000000009e6c0000, 0x00000000a2400000)
  object space 21248K, 27% used [0x000000009d200000,0x000000009d7b6200,0x000000009e6c0000)
Event: 48.017 GC heap after
Heap after GC invocations=16 (full 8):
 PSYoungGen      total 119680K, used 70619K [0x00000000e0c00000, 0x00000000ec4b0000, 0x0000000100000000)
  eden space 68032K, 99% used [0x00000000e0c00000,0x00000000e4e6fff0,0x00000000e4e70000)
  from space 51648K, 5% used [0x00000000e8fa0000,0x00000000e9226f50,0x00000000ec210000)
  to   space 60544K, 0% used [0x00000000e4e70000,0x00000000e4e70000,0x00000000e8990000)
 ParOldGen       total 517760K, used 224764K [0x00000000a2400000, 0x00000000c1da0000, 0x00000000e0c00000)
  object space 517760K, 43% used [0x00000000a2400000,0x00000000aff7f180,0x00000000c1da0000)
 PSPermGen       total 21248K, used 5848K [0x000000009d200000, 0x000000009e6c0000, 0x00000000a2400000)
  object space 21248K, 27% used [0x000000009d200000,0x000000009d7b6200,0x000000009e6c0000)
}
Event: 48.018 GC heap before
{Heap before GC invocations=17 (full 8):
 PSYoungGen      total 119680K, used 70619K [0x00000000e0c00000, 0x00000000ec4b0000, 0x0000000100000000)
  eden space 68032K, 99% used [0x00000000e0c00000,0x00000000e4e6fff0,0x00000000e4e70000)
  from space 51648K, 5% used [0x00000000e8fa0000,0x00000000e9226f50,0x00000000ec210000)
  to   space 60544K, 0% used [0x00000000e4e70000,0x00000000e4e70000,0x00000000e8990000)
 ParOldGen       total 517760K, used 224765K [0x00000000a2400000, 0x00000000c1da0000, 0x00000000e0c00000)
  object space 517760K, 43% used [0x00000000a2400000,0x00000000aff7f780,0x00000000c1da0000)
 PSPermGen       total 21248K, used 5848K [0x000000009d200000, 0x000000009e6c0000, 0x00000000a2400000)
  object space 21248K, 27% used [0x000000009d200000,0x000000009d7b6200,0x000000009e6c0000)
Event: 48.847 GC heap after
Heap after GC invocations=17 (full 8):
 PSYoungGen      total 128576K, used 60544K [0x00000000e0c00000, 0x00000000f3e10000, 0x0000000100000000)
  eden space 68032K, 0% used [0x00000000e0c00000,0x00000000e0c00000,0x00000000e4e70000)
  from space 60544K, 100% used [0x00000000e4e70000,0x00000000e8990000,0x00000000e8990000)
  to   space 116864K, 0% used [0x00000000ecbf0000,0x00000000ecbf0000,0x00000000f3e10000)
 ParOldGen       total 517760K, used 234997K [0x00000000a2400000, 0x00000000c1da0000, 0x00000000e0c00000)
  object space 517760K, 45% used [0x00000000a2400000,0x00000000b097d780,0x00000000c1da0000)
 PSPermGen       total 21248K, used 5848K [0x000000009d200000, 0x000000009e6c0000, 0x00000000a2400000)
  object space 21248K, 27% used [0x000000009d200000,0x000000009d7b6200,0x000000009e6c0000)
}
Event: 49.222 GC heap before
{Heap before GC invocations=18 (full 8):
 PSYoungGen      total 128576K, used 128576K [0x00000000e0c00000, 0x00000000f3e10000, 0x0000000100000000)
  eden space 68032K, 100% used [0x00000000e0c00000,0x00000000e4e70000,0x00000000e4e70000)
  from space 60544K, 100% used [0x00000000e4e70000,0x00000000e8990000,0x00000000e8990000)
  to   space 116864K, 0% used [0x00000000ecbf0000,0x00000000ecbf0000,0x00000000f3e10000)
 ParOldGen       total 517760K, used 234997K [0x00000000a2400000, 0x00000000c1da0000, 0x00000000e0c00000)
  object space 517760K, 45% used [0x00000000a2400000,0x00000000b097d780,0x00000000c1da0000)
 PSPermGen       total 21248K, used 5848K [0x000000009d200000, 0x000000009e6c0000, 0x00000000a2400000)
  object space 21248K, 27% used [0x000000009d200000,0x000000009d7b6200,0x000000009e6c0000)
Event: 51.450 GC heap after
Heap after GC invocations=18 (full 8):
 PSYoungGen      total 173888K, used 116864K [0x00000000e0c00000, 0x00000000f7000000, 0x0000000100000000)
  eden space 57024K, 0% used [0x00000000e0c00000,0x00000000e0c00000,0x00000000e43b0000)
  from space 116864K, 100% used [0x00000000ecbf0000,0x00000000f3e10000,0x00000000f3e10000)
  to   space 139520K, 0% used [0x00000000e43b0000,0x00000000e43b0000,0x00000000ecbf0000)
 ParOldGen       total 517760K, used 246797K [0x00000000a2400000, 0x00000000c1da0000, 0x00000000e0c00000)
  object space 517760K, 47% used [0x00000000a2400000,0x00000000b1503780,0x00000000c1da0000)
 PSPermGen       total 21248K, used 5848K [0x000000009d200000, 0x000000009e6c0000, 0x00000000a2400000)
  object space 21248K, 27% used [0x000000009d200000,0x000000009d7b6200,0x000000009e6c0000)
}
Event: 51.857 GC heap before
{Heap before GC invocations=19 (full 8):
 PSYoungGen      total 173888K, used 173888K [0x00000000e0c00000, 0x00000000f7000000, 0x0000000100000000)
  eden space 57024K, 100% used [0x00000000e0c00000,0x00000000e43b0000,0x00000000e43b0000)
  from space 116864K, 100% used [0x00000000ecbf0000,0x00000000f3e10000,0x00000000f3e10000)
  to   space 139520K, 0% used [0x00000000e43b0000,0x00000000e43b0000,0x00000000ecbf0000)
 ParOldGen       total 517760K, used 327921K [0x00000000a2400000, 0x00000000c1da0000, 0x00000000e0c00000)
  object space 517760K, 63% used [0x00000000a2400000,0x00000000b643c748,0x00000000c1da0000)
 PSPermGen       total 21248K, used 5848K [0x000000009d200000, 0x000000009e6c0000, 0x00000000a2400000)
  object space 21248K, 27% used [0x000000009d200000,0x000000009d7b6200,0x000000009e6c0000)

